0
0
456
823
912
1279
1646
1735
2102
2469
2558
2925
3292
3381
3748
4115
4204
4571
4938
5027
5394
5761
5850
6217
6584
6673
7040
7407
7496
7863
8230
8319
8686
9053
9142
9509
9876
9965
10332
10699
10788
11155
11522
11611
11978
12345
12434
12801
13168
13257
13624
13991
14080
14447
14814
14903
15270
15637
15726
16093
16460
16549
16916
17283
17372
17739
18106
18195
18562
18929
19018
19385
19752
19841
20208
20575
20664
21031
21398
21487
21854
22221
22310
22677
23044
23133
23500
23867
23956
24323
24690
24779
25146
25513
25602
25969
26336
26425
26792
27159
27248
27615
27982
28071
28438
28805
28894
29261
29628
29717
30084
30451
30540
30907
31274
31363
31730
32097
32186
32553
32920
33009
33376
33743
33832
34199
34566
34655
35022
35389
35478
35845
36212
36301
36668
37035
37124
37491
37858
37947
38314
38681
38770
39137
39504
39593
39960
40327
40416
40783
41150
41239
41606
41973
42062
42429
42796
42885
43252
43619
43708
44075
44442
44531
44898
45265
45354
45721
46088
46177
46544
46911
47000
47367
47734
47823
48190
48557
48646
49013
49380
49469
49836
50203
50292
50659
51026
51115
51482
51849
51938
52305
52672
52761
53128
53495
53584
53951
54318
54407
54774
55141
55230
55597
55964
56053
56420
56787
56876
57243
57610
57699
58066
58433
58522
58889
59256
59345
59712
60079
60168
60535
60902
60991
61358
61725
61814
62181
62548
62637
63004
63371
63460
63827
64194
64283
64650
65017
65106
65473
65840
65929
66296
66663
66752
67119
67486
67575
67942
68309
68398
68765
69132
69221
69588
69955
70044
70411
70778
70867
71234
71601
71690
72057
72424
72513
72880
73247
73336
73703
74070
74159
74526
74893
74982
75349
75716
75805
76172
76539
76628
76995
77362
77451
77818
78185
78274
78641
79008
79097
79464
79831
79920
80287
80654
80743
81110
81477
81566
81933
82300
82389
82756
83123
83212
83579
83946
84035
84402
84769
84858
85225
85592
85681
86048
86415
86504
86871
87238
87327
87694
88061
88150
88517
88884
88973
89340
89707
89796
90163
90530
90619
90986
91353
91442
91809
92176
92265
92632
92999
93088
93455
93822
93911
94278
94645
94734
95101
95468
95557
95924
96291
96380
96747
97114
97203
97570
97937
98026
98393
98760
98849
99216
99583
99672
100039
100406
100495
100862
101229
101318
101685
102052
102141
102508
102875
102964
103331
103698
103787
104154
104521
104610
104977
105344
105433
105800
106167
106256
106623
106990
107079
107446
107813
107902
108269
108636
108725
109092
109459
109548
109915
110282
110371
110738
111105
111194
111561
111928
112017
112384
112751
112840
113207
113574
113663
114030
114397
114486
114853
115220
115309
115676
116043
116132
116499
116866
116955
117322
117689
117778
118145
118512
118601
118968
119335
119424
119791
120158
120247
120614
120981
121070
121437
121804
121893
122260
122627
122716
123083
123450
123539
123906
124273
124362
124729
125096
125185
125552
125919
126008
126375
126742
126831
127198
127565
127654
128021
128388
128477
128844
129211
129300
129667
130034
130123
130490
130857
130946
131313
131680
131769
132136
132503
132592
132959
133326
133415
133782
134149
134238
134605
134972
135061
135428
135795
135884
136251
136618
136707
137074
137441
137530
137897
138264
138353
138720
139087
139176
139543
139910
139999
140366
140733
140822
141189
141556
141645
142012
142379
142468
142835
143202
143291
143658
144025
144114
144481
144848
144937
145304
145671
145760
146127
146494
146583
146950
147317
147406
147773
148140
148229
148596
148963
149052
149419
149786
149875
150242
150609
150698
151065
151432
151521
151888
152255
152344
152711
153078
153167
153534
153901
153990
154357
154724
154813
155180
155547
155636
156003
156370
156459
156826
157193
157282
157649
158016
158105
158472
158839
158928
159295
159662
159751
160118
160485
160574
160941
161308
161397
161764
162131
162220
162587
162954
163043
163410
163777
163866
164233
164600
164689
165056
165423
165512
165879
166246
166335
166702
167069
167158
167525
167892
167981
168348
168715
168804
169171
169538
169627
169994
170361
170450
170817
171184
171273
171640
172007
172096
172463
172830
172919
173286
173653
173742
174109
174476
174565
174932
175299
175388
175755
176122
176211
176578
176945
177034
177401
177768
177857
178224
178591
178680
179047
179414
179503
179870
180237
180326
180693
181060
181149
181516
181883
181972
182339
182706
182795
183162
183529
183618
183985
184352
184441
184808
185175
185264
185631
185998
186087
186454
186821
186910
187277
187644
187733
188100
188467
188556
188923
189290
189379
189746
190113
190202
190569
190936
191025
191392
191759
191848
192215
192582
192671
193038
193405
193494
193861
194228
194317
194684
195051
195140
195507
195874
195963
196330
196697
196786
197153
197520
197609
197976
198343
198432
198799
199166
199255
199622
199989
200078
200445
200812
200901
201268
201635
201724
202091
202458
202547
202914
203281
203370
203737
204104
204193
204560
204927
205016
205383
205750
205839
206206
206573
206662
207029
207396
207485
207852
208219
208308
208675
209042
209131
209498
209865
209954
210321
210688
210777
211144
211511
211600
211967
212334
212423
212790
213157
213246
213613
213980
214069
214436
214803
214892
215259
215626
215715
216082
216449
216538
216905
217272
217361
217728
218095
218184
218551
218918
219007
219374
219741
219830
220197
220564
220653
221020
221387
221476
221843
222210
222299
222666
223033
223122
223489
223856
223945
224312
224679
224768
225135
225502
225591
225958
226325
226414
226781
227148
227237
227604
227971
228060
228427
228794
228883
229250
229617
229706
230073
230440
230529
230896
231263
231352
231719
232086
232175
232542
232909
232998
233365
233732
233821
234188
234555
234644
235011
235378
235467
235834
236201
236290
236657
237024
237113
237480
237847
237936
238303
238670
238759
239126
239493
239582
239949
240316
240405
240772
241139
241228
241595
241962
242051
242418
242785
242874
243241
243608
243697
244064
244431
244520
244887
245254
245343
245710
246077
246166
246533
246900
246989
247356
247723
247812
248179
248546
248635
249002
249369
249458
249825
250192
250281
250648
251015
251104
251471
251838
251927
252294
252661
252750
253117
253484
253573
253940
254307
254396
254763
255130
255219
255586
255953
256042
256409
256776
256865
257232
257599
257688
258055
258422
258511
258878
259245
259334
259701
260068
260157
260524
260891
260980
261347
261714
261803
262170
262537
262626
262993
263360
263449
263816
264183
264272
264639
265006
265095
265462
265829
265918
266285
266652
266741
267108
267475
267564
267931
268298
268387
268754
821401138
